c:\users\ravula tarak\source\repos\foai\foai\x64\debug\vc143.pdb
c:\users\ravula tarak\source\repos\foai\foai\x64\debug\.netframework,version=v4.7.2.assemblyattributes.obj
c:\users\ravula tarak\source\repos\foai\foai\x64\debug\selectionpage.obj
c:\users\ravula tarak\source\repos\foai\foai\x64\debug\gameplaypage.obj
c:\users\ravula tarak\source\repos\foai\foai\x64\debug\foai.gameplaypage.resources
c:\users\ravula tarak\source\repos\foai\foai\x64\debug\foai.selectionpage.resources
c:\users\ravula tarak\source\repos\foai\foai\x64\debug\foai.vcxproj.assemblyreference.cache
c:\users\ravula tarak\source\repos\foai\foai\x64\debug\foai.vcxproj.generateresource.cache
c:\users\ravula tarak\source\repos\foai\foai\x64\debug\foai.vcxproj.suggestedbindingredirects.cache
c:\users\ravula tarak\source\repos\foai\x64\debug\foai.pdb
c:\users\ravula tarak\source\repos\foai\foai\x64\debug\foai.tlog\cl.command.1.tlog
c:\users\ravula tarak\source\repos\foai\foai\x64\debug\foai.tlog\cl.read.1.tlog
c:\users\ravula tarak\source\repos\foai\foai\x64\debug\foai.tlog\cl.write.1.tlog
c:\users\ravula tarak\source\repos\foai\foai\x64\debug\foai.tlog\foai.write.1u.tlog
c:\users\ravula tarak\source\repos\foai\foai\x64\debug\foai.tlog\link.13564-cvtres.read.1.tlog
c:\users\ravula tarak\source\repos\foai\foai\x64\debug\foai.tlog\link.13564-cvtres.write.1.tlog
c:\users\ravula tarak\source\repos\foai\foai\x64\debug\foai.tlog\link.13564-rc.read.1.tlog
c:\users\ravula tarak\source\repos\foai\foai\x64\debug\foai.tlog\link.13564-rc.write.1.tlog
c:\users\ravula tarak\source\repos\foai\foai\x64\debug\foai.tlog\link.13564.read.1.tlog
c:\users\ravula tarak\source\repos\foai\foai\x64\debug\foai.tlog\link.13564.read.2.tlog
c:\users\ravula tarak\source\repos\foai\foai\x64\debug\foai.tlog\link.13564.write.1.tlog
c:\users\ravula tarak\source\repos\foai\foai\x64\debug\foai.tlog\link.command.1.tlog
c:\users\ravula tarak\source\repos\foai\foai\x64\debug\foai.tlog\link.read.1.tlog
c:\users\ravula tarak\source\repos\foai\foai\x64\debug\foai.tlog\link.read.2.tlog
c:\users\ravula tarak\source\repos\foai\foai\x64\debug\foai.tlog\link.write.1.tlog
c:\users\ravula tarak\source\repos\foai\foai\x64\debug\foai.tlog\metagen.read.1.tlog
c:\users\ravula tarak\source\repos\foai\foai\x64\debug\foai.tlog\metagen.write.1.tlog
